CRITICAL - 2024-11-18 01:57:28 --> TypeError: Unsupported operand types: string % string
[Method: GET, Route: queryAPI/now]
in APPPATH/Controllers/CustomerControllerQuery.php on line 16.
 1 SYSTEMPATH/CodeIgniter.php(933): App\Controllers\CustomerControllerQuery->queryAPIParam('now')
 2 SYSTEMPATH/CodeIgniter.php(509): CodeIgniter\CodeIgniter->runController(Object(App\Controllers\CustomerControllerQuery))
 3 SYSTEMPATH/CodeIgniter.php(355): CodeIgniter\CodeIgniter->handleRequest(null, Object(Config\Cache), false)
 4 SYSTEMPATH/Boot.php(325): CodeIgniter\CodeIgniter->run()
 5 SYSTEMPATH/Boot.php(67): CodeIgniter\Boot::runCodeIgniter(Object(CodeIgniter\CodeIgniter))
 6 FCPATH/index.php(56): CodeIgniter\Boot::bootWeb(Object(Config\Paths))
 7 SYSTEMPATH/rewrite.php(44): require_once('/Applications/XAMPP/xamppfiles/htdocs/CISample/public/index.php')
CRITICAL - 2024-11-18 01:57:29 --> TypeError: Unsupported operand types: string % string
[Method: GET, Route: queryAPI/now]
in APPPATH/Controllers/CustomerControllerQuery.php on line 16.
 1 SYSTEMPATH/CodeIgniter.php(933): App\Controllers\CustomerControllerQuery->queryAPIParam('now')
 2 SYSTEMPATH/CodeIgniter.php(509): CodeIgniter\CodeIgniter->runController(Object(App\Controllers\CustomerControllerQuery))
 3 SYSTEMPATH/CodeIgniter.php(355): CodeIgniter\CodeIgniter->handleRequest(null, Object(Config\Cache), false)
 4 SYSTEMPATH/Boot.php(325): CodeIgniter\CodeIgniter->run()
 5 SYSTEMPATH/Boot.php(67): CodeIgniter\Boot::runCodeIgniter(Object(CodeIgniter\CodeIgniter))
 6 FCPATH/index.php(56): CodeIgniter\Boot::bootWeb(Object(Config\Paths))
 7 SYSTEMPATH/rewrite.php(44): require_once('/Applications/XAMPP/xamppfiles/htdocs/CISample/public/index.php')
